Started GET "/api/v1/restaurants" for ::1 at 2022-05-30 10:56:05 +0900
  [1m[35m (2.1ms)[0m  [1m[34mSELECT sqlite_version(*)[0m
  [1m[35m (0.4ms)[0m  [1m[34mSELECT "schema_migrations"."version" FROM "schema_migrations" ORDER BY "schema_migrations"."version" ASC[0m
Processing by Api::V1::RestaurantsController#index as HTML
  [1m[36mRestaurant Load (0.4ms)[0m  [1m[34mSELECT "restaurants".* FROM "restaurants"[0m
  ↳ app/controllers/api/v1/restaurants_controller.rb:10:in `index'
Completed 200 OK in 19ms (Views: 2.4ms | ActiveRecord: 0.4ms | Allocations: 5656)


Started GET "/api/v1/restaurants" for ::1 at 2022-05-30 10:56:05 +0900
Processing by Api::V1::RestaurantsController#index as HTML
  [1m[36mRestaurant Load (0.2ms)[0m  [1m[34mSELECT "restaurants".* FROM "restaurants"[0m
  ↳ app/controllers/api/v1/restaurants_controller.rb:10:in `index'
Completed 200 OK in 2ms (Views: 1.7ms | ActiveRecord: 0.2ms | Allocations: 598)


Started GET "/api/v1/restaurants" for ::1 at 2022-05-30 10:56:40 +0900
Processing by Api::V1::RestaurantsController#index as HTML
  [1m[36mRestaurant Load (0.2ms)[0m  [1m[34mSELECT "restaurants".* FROM "restaurants"[0m
  ↳ app/controllers/api/v1/restaurants_controller.rb:10:in `index'
Completed 200 OK in 8ms (Views: 6.8ms | ActiveRecord: 0.8ms | Allocations: 4226)


Started GET "/api/v1/restaurants" for ::1 at 2022-05-30 10:57:09 +0900
Processing by Api::V1::RestaurantsController#index as HTML
  [1m[35m (0.1ms)[0m  [1m[34mSELECT sqlite_version(*)[0m
  ↳ app/controllers/api/v1/restaurants_controller.rb:7:in `index'
  [1m[36mRestaurant Load (0.2ms)[0m  [1m[34mSELECT "restaurants".* FROM "restaurants"[0m
  ↳ app/controllers/api/v1/restaurants_controller.rb:7:in `index'
Completed 200 OK in 14ms (Views: 10.1ms | ActiveRecord: 1.6ms | Allocations: 6571)


Started GET "/api/v1/restaurants" for ::1 at 2022-05-30 10:57:10 +0900
Processing by Api::V1::RestaurantsController#index as HTML
  [1m[36mRestaurant Load (0.2ms)[0m  [1m[34mSELECT "restaurants".* FROM "restaurants"[0m
  ↳ app/controllers/api/v1/restaurants_controller.rb:7:in `index'
Completed 200 OK in 3ms (Views: 2.1ms | ActiveRecord: 0.2ms | Allocations: 982)


Started GET "/api/v1/restaurants" for ::1 at 2022-05-30 10:57:10 +0900
Processing by Api::V1::RestaurantsController#index as HTML
  [1m[36mRestaurant Load (0.2ms)[0m  [1m[34mSELECT "restaurants".* FROM "restaurants"[0m
  ↳ app/controllers/api/v1/restaurants_controller.rb:7:in `index'
Completed 200 OK in 3ms (Views: 2.2ms | ActiveRecord: 0.2ms | Allocations: 945)


Started GET "/api/v1/restaurants" for ::1 at 2022-05-30 11:07:45 +0900
Processing by Api::V1::RestaurantsController#index as HTML
  [1m[35m (0.2ms)[0m  [1m[34mSELECT sqlite_version(*)[0m
  ↳ app/controllers/api/v1/restaurants_controller.rb:7:in `index'
  [1m[36mRestaurant Load (0.3ms)[0m  [1m[34mSELECT "restaurants".* FROM "restaurants"[0m
  ↳ app/controllers/api/v1/restaurants_controller.rb:7:in `index'
Completed 200 OK in 7ms (Views: 6.2ms | ActiveRecord: 0.9ms | Allocations: 1548)


Started GET "/api/v1/restaurants" for ::1 at 2022-05-30 11:07:46 +0900
Processing by Api::V1::RestaurantsController#index as HTML
  [1m[36mRestaurant Load (0.3ms)[0m  [1m[34mSELECT "restaurants".* FROM "restaurants"[0m
  ↳ app/controllers/api/v1/restaurants_controller.rb:7:in `index'
Completed 200 OK in 5ms (Views: 4.0ms | ActiveRecord: 0.3ms | Allocations: 945)


Started GET "/api/v1/restaurants/1/foods" for ::1 at 2022-05-30 11:08:47 +0900
Processing by Api::V1::FoodsController#index as HTML
  Parameters: {"restaurant_id"=>"1"}
  [1m[35m (0.1ms)[0m  [1m[34mSELECT sqlite_version(*)[0m
  ↳ app/controllers/api/v1/foods_controller.rb:5:in `index'
  [1m[36mRestaurant Load (0.1ms)[0m  [1m[34mSELECT "restaurants".* FROM "restaurants" WHERE "restaurants"."id" = ? LIMIT ?[0m  [["id", 1], ["LIMIT", 1]]
  ↳ app/controllers/api/v1/foods_controller.rb:5:in `index'
  [1m[36mFood Load (0.3ms)[0m  [1m[34mSELECT "foods".* FROM "foods" WHERE "foods"."restaurant_id" = ?[0m  [["restaurant_id", 1]]
  ↳ app/controllers/api/v1/foods_controller.rb:8:in `index'
Completed 200 OK in 41ms (Views: 12.6ms | ActiveRecord: 2.6ms | Allocations: 16433)


Started GET "/" for ::1 at 2022-05-31 19:48:13 +0900
Processing by Rails::WelcomeController#index as HTML
  Rendering /Users/yusukesakuraba/.rbenv/versions/3.0.2/lib/ruby/gems/3.0.0/gems/railties-6.1.5/lib/rails/templates/rails/welcome/index.html.erb
  Rendered /Users/yusukesakuraba/.rbenv/versions/3.0.2/lib/ruby/gems/3.0.0/gems/railties-6.1.5/lib/rails/templates/rails/welcome/index.html.erb (Duration: 20.0ms | Allocations: 416)
Completed 200 OK in 44ms (Views: 27.1ms | Allocations: 3179)


Started GET "/api/v1/restaurants" for ::1 at 2022-05-31 19:48:38 +0900
Processing by Api::V1::RestaurantsController#index as HTML
  [1m[35m (0.1ms)[0m  [1m[34mSELECT sqlite_version(*)[0m
  ↳ app/controllers/api/v1/restaurants_controller.rb:7:in `index'
  [1m[36mRestaurant Load (0.6ms)[0m  [1m[34mSELECT "restaurants".* FROM "restaurants"[0m
  ↳ app/controllers/api/v1/restaurants_controller.rb:7:in `index'
Completed 200 OK in 63ms (Views: 39.5ms | ActiveRecord: 1.3ms | Allocations: 6225)


Started GET "/api/v1/restaurants" for ::1 at 2022-05-31 19:48:38 +0900
Processing by Api::V1::RestaurantsController#index as HTML
  [1m[36mRestaurant Load (0.2ms)[0m  [1m[34mSELECT "restaurants".* FROM "restaurants"[0m
  ↳ app/controllers/api/v1/restaurants_controller.rb:7:in `index'
Completed 200 OK in 4ms (Views: 4.0ms | ActiveRecord: 0.2ms | Allocations: 962)


Started GET "/api/v1/restaurants" for ::1 at 2022-05-31 19:49:57 +0900
Processing by Api::V1::RestaurantsController#index as HTML
  [1m[36mRestaurant Load (1.0ms)[0m  [1m[34mSELECT "restaurants".* FROM "restaurants"[0m
  ↳ app/controllers/api/v1/restaurants_controller.rb:7:in `index'
Completed 200 OK in 15ms (Views: 13.9ms | ActiveRecord: 1.0ms | Allocations: 945)


Started GET "/api/v1/restaurants" for ::1 at 2022-05-31 19:49:57 +0900
Processing by Api::V1::RestaurantsController#index as HTML
  [1m[36mRestaurant Load (0.2ms)[0m  [1m[34mSELECT "restaurants".* FROM "restaurants"[0m
  ↳ app/controllers/api/v1/restaurants_controller.rb:7:in `index'
Completed 200 OK in 11ms (Views: 11.0ms | ActiveRecord: 0.2ms | Allocations: 945)


Started GET "/api/v1/restaurants" for ::1 at 2022-05-31 19:49:58 +0900
Processing by Api::V1::RestaurantsController#index as HTML
  [1m[36mRestaurant Load (0.2ms)[0m  [1m[34mSELECT "restaurants".* FROM "restaurants"[0m
  ↳ app/controllers/api/v1/restaurants_controller.rb:7:in `index'
Completed 200 OK in 7ms (Views: 6.8ms | ActiveRecord: 0.2ms | Allocations: 945)


Started GET "/api/v1/restaurants" for ::1 at 2022-05-31 19:49:58 +0900
Processing by Api::V1::RestaurantsController#index as HTML
  [1m[36mRestaurant Load (0.2ms)[0m  [1m[34mSELECT "restaurants".* FROM "restaurants"[0m
  ↳ app/controllers/api/v1/restaurants_controller.rb:7:in `index'
Completed 200 OK in 6ms (Views: 5.2ms | ActiveRecord: 0.2ms | Allocations: 945)


Started GET "/api/v1/restaurants" for ::1 at 2022-05-31 19:50:09 +0900
Started GET "/api/v1/restaurants" for ::1 at 2022-05-31 19:50:09 +0900
Processing by Api::V1::RestaurantsController#index as HTML
Processing by Api::V1::RestaurantsController#index as HTML
  [1m[36mRestaurant Load (0.7ms)[0m  [1m[34mSELECT "restaurants".* FROM "restaurants"[0m
  ↳ app/controllers/api/v1/restaurants_controller.rb:7:in `index'
  [1m[35m (0.1ms)[0m  [1m[34mSELECT sqlite_version(*)[0m
Completed 200 OK in 14ms (Views: 12.1ms | ActiveRecord: 0.7ms | Allocations: 1421)


  ↳ app/controllers/api/v1/restaurants_controller.rb:7:in `index'
  [1m[36mRestaurant Load (0.8ms)[0m  [1m[34mSELECT "restaurants".* FROM "restaurants"[0m
  ↳ app/controllers/api/v1/restaurants_controller.rb:7:in `index'
Completed 200 OK in 24ms (Views: 20.9ms | ActiveRecord: 2.5ms | Allocations: 2573)


Started GET "/" for ::1 at 2022-05-31 19:50:11 +0900
Processing by Rails::WelcomeController#index as HTML
  Rendering /Users/yusukesakuraba/.rbenv/versions/3.0.2/lib/ruby/gems/3.0.0/gems/railties-6.1.5/lib/rails/templates/rails/welcome/index.html.erb
  Rendered /Users/yusukesakuraba/.rbenv/versions/3.0.2/lib/ruby/gems/3.0.0/gems/railties-6.1.5/lib/rails/templates/rails/welcome/index.html.erb (Duration: 8.9ms | Allocations: 209)
Completed 200 OK in 15ms (Views: 11.2ms | ActiveRecord: 0.0ms | Allocations: 995)


Started GET "/favicon.ico" for ::1 at 2022-05-31 19:50:11 +0900
  
ActionController::RoutingError (No route matches [GET] "/favicon.ico"):
  
Started GET "/" for ::1 at 2022-05-31 19:50:14 +0900
Processing by Rails::WelcomeController#index as HTML
  Rendering /Users/yusukesakuraba/.rbenv/versions/3.0.2/lib/ruby/gems/3.0.0/gems/railties-6.1.5/lib/rails/templates/rails/welcome/index.html.erb
  Rendered /Users/yusukesakuraba/.rbenv/versions/3.0.2/lib/ruby/gems/3.0.0/gems/railties-6.1.5/lib/rails/templates/rails/welcome/index.html.erb (Duration: 0.6ms | Allocations: 10)
Completed 200 OK in 2ms (Views: 1.6ms | ActiveRecord: 0.0ms | Allocations: 352)


Started GET "/" for ::1 at 2022-05-31 19:50:16 +0900
Processing by Rails::WelcomeController#index as HTML
  Rendering /Users/yusukesakuraba/.rbenv/versions/3.0.2/lib/ruby/gems/3.0.0/gems/railties-6.1.5/lib/rails/templates/rails/welcome/index.html.erb
  Rendered /Users/yusukesakuraba/.rbenv/versions/3.0.2/lib/ruby/gems/3.0.0/gems/railties-6.1.5/lib/rails/templates/rails/welcome/index.html.erb (Duration: 0.6ms | Allocations: 8)
Completed 200 OK in 5ms (Views: 4.9ms | ActiveRecord: 0.0ms | Allocations: 297)


Started GET "/api/v1/restaurants" for ::1 at 2022-05-31 19:50:18 +0900
Processing by Api::V1::RestaurantsController#index as HTML
  [1m[36mRestaurant Load (0.2ms)[0m  [1m[34mSELECT "restaurants".* FROM "restaurants"[0m
  ↳ app/controllers/api/v1/restaurants_controller.rb:7:in `index'
Completed 200 OK in 4ms (Views: 3.9ms | ActiveRecord: 0.2ms | Allocations: 1070)


Started GET "/api/v1/restaurants" for ::1 at 2022-05-31 19:50:18 +0900
Processing by Api::V1::RestaurantsController#index as HTML
  [1m[36mRestaurant Load (0.3ms)[0m  [1m[34mSELECT "restaurants".* FROM "restaurants"[0m
  ↳ app/controllers/api/v1/restaurants_controller.rb:7:in `index'
Completed 200 OK in 3ms (Views: 2.2ms | ActiveRecord: 0.3ms | Allocations: 945)


Started GET "/api/v1/restaurants" for ::1 at 2022-05-31 19:50:38 +0900
  [1m[35m (1.0ms)[0m  [1m[34mSELECT sqlite_version(*)[0m
  [1m[35m (0.6ms)[0m  [1m[34mSELECT "schema_migrations"."version" FROM "schema_migrations" ORDER BY "schema_migrations"."version" ASC[0m
Processing by Api::V1::RestaurantsController#index as HTML
  [1m[36mRestaurant Load (0.3ms)[0m  [1m[34mSELECT "restaurants".* FROM "restaurants"[0m
  ↳ app/controllers/api/v1/restaurants_controller.rb:7:in `index'
Completed 200 OK in 20ms (Views: 6.8ms | ActiveRecord: 1.2ms | Allocations: 9314)


Started GET "/api/v1/restaurants" for ::1 at 2022-05-31 19:50:38 +0900
Processing by Api::V1::RestaurantsController#index as HTML
  [1m[36mRestaurant Load (0.2ms)[0m  [1m[34mSELECT "restaurants".* FROM "restaurants"[0m
  ↳ app/controllers/api/v1/restaurants_controller.rb:7:in `index'
Completed 200 OK in 2ms (Views: 1.7ms | ActiveRecord: 0.2ms | Allocations: 962)


Started GET "/api/v1/restaurants" for ::1 at 2022-05-31 19:59:30 +0900
Processing by Api::V1::RestaurantsController#index as HTML
  [1m[35m (0.4ms)[0m  [1m[34mSELECT sqlite_version(*)[0m
  ↳ app/controllers/api/v1/restaurants_controller.rb:7:in `index'
  [1m[36mRestaurant Load (0.3ms)[0m  [1m[34mSELECT "restaurants".* FROM "restaurants"[0m
  ↳ app/controllers/api/v1/restaurants_controller.rb:7:in `index'
Completed 200 OK in 17ms (Views: 14.7ms | ActiveRecord: 1.5ms | Allocations: 1597)


Started GET "/api/v1/restaurants" for ::1 at 2022-05-31 19:59:31 +0900
Processing by Api::V1::RestaurantsController#index as HTML
  [1m[36mRestaurant Load (0.3ms)[0m  [1m[34mSELECT "restaurants".* FROM "restaurants"[0m
  ↳ app/controllers/api/v1/restaurants_controller.rb:7:in `index'
Completed 200 OK in 5ms (Views: 3.7ms | ActiveRecord: 0.3ms | Allocations: 960)


Started GET "/api/v1/restaurants" for ::1 at 2022-05-31 20:00:09 +0900
Processing by Api::V1::RestaurantsController#index as HTML
  [1m[36mRestaurant Load (0.4ms)[0m  [1m[34mSELECT "restaurants".* FROM "restaurants"[0m
  ↳ app/controllers/api/v1/restaurants_controller.rb:7:in `index'
Completed 200 OK in 5ms (Views: 4.4ms | ActiveRecord: 0.4ms | Allocations: 960)


Started GET "/api/v1/restaurants" for ::1 at 2022-05-31 20:00:23 +0900
Processing by Api::V1::RestaurantsController#index as HTML
  [1m[36mRestaurant Load (0.2ms)[0m  [1m[34mSELECT "restaurants".* FROM "restaurants"[0m
  ↳ app/controllers/api/v1/restaurants_controller.rb:7:in `index'
Completed 200 OK in 3ms (Views: 2.8ms | ActiveRecord: 0.2ms | Allocations: 960)


Started GET "/api/v1/restaurants" for ::1 at 2022-05-31 20:00:51 +0900
Processing by Api::V1::RestaurantsController#index as HTML
  [1m[36mRestaurant Load (0.2ms)[0m  [1m[34mSELECT "restaurants".* FROM "restaurants"[0m
  ↳ app/controllers/api/v1/restaurants_controller.rb:7:in `index'
Completed 200 OK in 3ms (Views: 2.7ms | ActiveRecord: 0.2ms | Allocations: 946)


Started GET "/api/v1/restaurants" for ::1 at 2022-05-31 20:00:59 +0900
Processing by Api::V1::RestaurantsController#index as HTML
  [1m[36mRestaurant Load (0.2ms)[0m  [1m[34mSELECT "restaurants".* FROM "restaurants"[0m
  ↳ app/controllers/api/v1/restaurants_controller.rb:7:in `index'
Completed 200 OK in 3ms (Views: 2.6ms | ActiveRecord: 0.2ms | Allocations: 946)


Started GET "/api/v1/restaurants" for ::1 at 2022-05-31 20:01:05 +0900
Processing by Api::V1::RestaurantsController#index as HTML
  [1m[36mRestaurant Load (0.2ms)[0m  [1m[34mSELECT "restaurants".* FROM "restaurants"[0m
  ↳ app/controllers/api/v1/restaurants_controller.rb:7:in `index'
Completed 200 OK in 3ms (Views: 2.2ms | ActiveRecord: 0.2ms | Allocations: 946)


Started GET "/api/v1/restaurants" for ::1 at 2022-05-31 20:01:21 +0900
Processing by Api::V1::RestaurantsController#index as HTML
  [1m[36mRestaurant Load (0.2ms)[0m  [1m[34mSELECT "restaurants".* FROM "restaurants"[0m
  ↳ app/controllers/api/v1/restaurants_controller.rb:7:in `index'
Completed 200 OK in 4ms (Views: 3.3ms | ActiveRecord: 0.2ms | Allocations: 946)


